<?xml version="1.0" encoding="UTF-8"?>
<!-- Generated by org.testng.reporters.JUnitXMLReporter -->
<testsuite ignored="0" hostname="CFLNAVALUR4799" failures="0" tests="2" name="FirefoxTest" time="20.294" errors="0" timestamp="2024-05-06T11:28:51 IST">
  <testcase classname="com.nifty50.testscases.NSEIndiaStock" name="selectAnyStockNIFTY50" time="0.0">
    <skipped/>
  </testcase> <!-- selectAnyStockNIFTY50 -->
  <testcase classname="com.nifty50.testscases.NSEIndiaStock" name="stockInformationVerifyRCOM" time="0.0">
    <skipped/>
  </testcase> <!-- stockInformationVerifyRCOM -->
</testsuite> <!-- FirefoxTest -->
